Performing C++ SOURCE FILE Test CMAKE_HAVE_LIBC_PTHREAD failed with the following output:
Change Dir: /home/raphael/Documents/CppExercises/robotProject/build-robotProject-Desktop_Qt_5_12_10_GCC_64bit-Debug/CMakeFiles/CMakeTmp

Run Build Command(s):/usr/bin/make cmTC_a7be9/fast && /usr/bin/make  -f CMakeFiles/cmTC_a7be9.dir/build.make CMakeFiles/cmTC_a7be9.dir/build
make[1]: Entering directory '/home/raphael/Documents/CppExercises/robotProject/build-robotProject-Desktop_Qt_5_12_10_GCC_64bit-Debug/CMakeFiles/CMakeTmp'
Building CXX object CMakeFiles/cmTC_a7be9.dir/src.cxx.o
/usr/bin/g++ -DCMAKE_HAVE_LIBC_PTHREAD   -o CMakeFiles/cmTC_a7be9.dir/src.cxx.o -c /home/raphael/Documents/CppExercises/robotProject/build-robotProject-Desktop_Qt_5_12_10_GCC_64bit-Debug/CMakeFiles/CMakeTmp/src.cxx
Linking CXX executable cmTC_a7be9
/snap/cmake/715/bin/cmake -E cmake_link_script CMakeFiles/cmTC_a7be9.dir/link.txt --verbose=1
/usr/bin/g++ -rdynamic CMakeFiles/cmTC_a7be9.dir/src.cxx.o -o cmTC_a7be9 
CMakeFiles/cmTC_a7be9.dir/src.cxx.o: In function `main':
src.cxx:(.text+0x3e): undefined reference to `pthread_create'
src.cxx:(.text+0x4a): undefined reference to `pthread_detach'
src.cxx:(.text+0x56): undefined reference to `pthread_cancel'
src.cxx:(.text+0x67): undefined reference to `pthread_join'
src.cxx:(.text+0x7b): undefined reference to `pthread_atfork'
collect2: error: ld returned 1 exit status
CMakeFiles/cmTC_a7be9.dir/build.make:105: recipe for target 'cmTC_a7be9' failed
make[1]: *** [cmTC_a7be9] Error 1
make[1]: Leaving directory '/home/raphael/Documents/CppExercises/robotProject/build-robotProject-Desktop_Qt_5_12_10_GCC_64bit-Debug/CMakeFiles/CMakeTmp'
Makefile:140: recipe for target 'cmTC_a7be9/fast' failed
make: *** [cmTC_a7be9/fast] Error 2


Source file was:
#include <pthread.h>

static void* test_func(void* data)
{
  return data;
}

int main(void)
{
  pthread_t thread;
  pthread_create(&thread, NULL, test_func, NULL);
  pthread_detach(thread);
  pthread_cancel(thread);
  pthread_join(thread, NULL);
  pthread_atfork(NULL, NULL, NULL);
  pthread_exit(NULL);

  return 0;
}

Determining if the function pthread_create exists in the pthreads failed with the following output:
Change Dir: /home/raphael/Documents/CppExercises/robotProject/build-robotProject-Desktop_Qt_5_12_10_GCC_64bit-Debug/CMakeFiles/CMakeTmp

Run Build Command(s):/usr/bin/make cmTC_d0df1/fast && /usr/bin/make  -f CMakeFiles/cmTC_d0df1.dir/build.make CMakeFiles/cmTC_d0df1.dir/build
make[1]: Entering directory '/home/raphael/Documents/CppExercises/robotProject/build-robotProject-Desktop_Qt_5_12_10_GCC_64bit-Debug/CMakeFiles/CMakeTmp'
Building CXX object CMakeFiles/cmTC_d0df1.dir/CheckFunctionExists.cxx.o
/usr/bin/g++   -DCHECK_FUNCTION_EXISTS=pthread_create -o CMakeFiles/cmTC_d0df1.dir/CheckFunctionExists.cxx.o -c /home/raphael/Documents/CppExercises/robotProject/build-robotProject-Desktop_Qt_5_12_10_GCC_64bit-Debug/CMakeFiles/CheckLibraryExists/CheckFunctionExists.cxx
Linking CXX executable cmTC_d0df1
/snap/cmake/715/bin/cmake -E cmake_link_script CMakeFiles/cmTC_d0df1.dir/link.txt --verbose=1
/usr/bin/g++  -DCHECK_FUNCTION_EXISTS=pthread_create -rdynamic CMakeFiles/cmTC_d0df1.dir/CheckFunctionExists.cxx.o -o cmTC_d0df1  -lpthreads 
/usr/bin/ld: cannot find -lpthreads
collect2: error: ld returned 1 exit status
CMakeFiles/cmTC_d0df1.dir/build.make:105: recipe for target 'cmTC_d0df1' failed
make[1]: *** [cmTC_d0df1] Error 1
make[1]: Leaving directory '/home/raphael/Documents/CppExercises/robotProject/build-robotProject-Desktop_Qt_5_12_10_GCC_64bit-Debug/CMakeFiles/CMakeTmp'
Makefile:140: recipe for target 'cmTC_d0df1/fast' failed
make: *** [cmTC_d0df1/fast] Error 2



